{
  "0 debug pnpm:scope": {
    "selected": 1
  },
  "1 debug pnpm:package-manifest": {
    "initial": {},
    "prefix": "C:\\Users\\Jiftoo\\AppData\\Local\\pnpm\\store\\v3\\tmp\\dlx-7004"
  },
  "2 debug pnpm:context": {
    "currentLockfileExists": false,
    "storeDir": "C:\\Users\\Jiftoo\\AppData\\Local\\pnpm\\store\\v3",
    "virtualStoreDir": "C:\\Users\\Jiftoo\\AppData\\Local\\pnpm\\store\\v3\\tmp\\dlx-7004\\node_modules\\.pnpm"
  },
  "3 debug pnpm:stage": {
    "prefix": "C:\\Users\\Jiftoo\\AppData\\Local\\pnpm\\store\\v3\\tmp\\dlx-7004",
    "stage": "resolution_started"
  },
  "4 debug pnpm:_dependency_resolved": {
    "resolution": "registry.npmjs.org/run/1.4.0",
    "wanted": {
      "dependentId": ".",
      "name": "run",
      "rawSpec": "latest"
    }
  },
  "5 debug pnpm:progress": {
    "packageId": "registry.npmjs.org/run/1.4.0",
    "requester": "C:\\Users\\Jiftoo\\AppData\\Local\\pnpm\\store\\v3\\tmp\\dlx-7004",
    "status": "resolved"
  },
  "6 debug pnpm:_dependency_resolved": {
    "resolution": "registry.npmjs.org/minimatch/5.1.0",
    "wanted": {
      "dependentId": "/run/1.4.0",
      "name": "minimatch",
      "rawSpec": "*"
    }
  },
  "7 debug pnpm:progress": {
    "packageId": "registry.npmjs.org/minimatch/5.1.0",
    "requester": "C:\\Users\\Jiftoo\\AppData\\Local\\pnpm\\store\\v3\\tmp\\dlx-7004",
    "status": "resolved"
  },
  "8 debug pnpm:progress": {
    "packageId": "registry.npmjs.org/minimatch/5.1.0",
    "requester": "C:\\Users\\Jiftoo\\AppData\\Local\\pnpm\\store\\v3\\tmp\\dlx-7004",
    "status": "found_in_store"
  },
  "9 debug pnpm:fetching-progress": {
    "attempt": 1,
    "packageId": "registry.npmjs.org/run/1.4.0",
    "size": 96861,
    "status": "started"
  },
  "10 debug pnpm:progress": {
    "packageId": "registry.npmjs.org/run/1.4.0",
    "requester": "C:\\Users\\Jiftoo\\AppData\\Local\\pnpm\\store\\v3\\tmp\\dlx-7004",
    "status": "fetched"
  },
  "11 debug pnpm:_dependency_resolved": {
    "resolution": "registry.npmjs.org/brace-expansion/2.0.1",
    "wanted": {
      "dependentId": "/minimatch/5.1.0",
      "name": "brace-expansion",
      "rawSpec": "^2.0.1"
    }
  },
  "12 debug pnpm:progress": {
    "packageId": "registry.npmjs.org/brace-expansion/2.0.1",
    "requester": "C:\\Users\\Jiftoo\\AppData\\Local\\pnpm\\store\\v3\\tmp\\dlx-7004",
    "status": "resolved"
  },
  "13 debug pnpm:progress": {
    "packageId": "registry.npmjs.org/brace-expansion/2.0.1",
    "requester": "C:\\Users\\Jiftoo\\AppData\\Local\\pnpm\\store\\v3\\tmp\\dlx-7004",
    "status": "found_in_store"
  },
  "14 debug pnpm:_dependency_resolved": {
    "resolution": "registry.npmjs.org/balanced-match/1.0.2",
    "wanted": {
      "dependentId": "/brace-expansion/2.0.1",
      "name": "balanced-match",
      "rawSpec": "^1.0.0"
    }
  },
  "15 debug pnpm:progress": {
    "packageId": "registry.npmjs.org/balanced-match/1.0.2",
    "requester": "C:\\Users\\Jiftoo\\AppData\\Local\\pnpm\\store\\v3\\tmp\\dlx-7004",
    "status": "resolved"
  },
  "16 debug pnpm:package-manifest": {
    "prefix": "C:\\Users\\Jiftoo\\AppData\\Local\\pnpm\\store\\v3\\tmp\\dlx-7004",
    "updated": {
      "dependencies": {
        "run": "^1.4.0"
      }
    }
  },
  "17 debug pnpm:package-manifest": {
    "prefix": "C:\\Users\\Jiftoo\\AppData\\Local\\pnpm\\store\\v3\\tmp\\dlx-7004",
    "updated": {
      "dependencies": {
        "run": "^1.4.0"
      }
    }
  },
  "18 debug pnpm:stage": {
    "prefix": "C:\\Users\\Jiftoo\\AppData\\Local\\pnpm\\store\\v3\\tmp\\dlx-7004",
    "stage": "resolution_done"
  },
  "19 debug pnpm:stats": {
    "prefix": "C:\\Users\\Jiftoo\\AppData\\Local\\pnpm\\store\\v3\\tmp\\dlx-7004",
    "removed": 0
  },
  "20 debug pnpm:stage": {
    "prefix": "C:\\Users\\Jiftoo\\AppData\\Local\\pnpm\\store\\v3\\tmp\\dlx-7004",
    "stage": "importing_started"
  },
  "21 debug pnpm:stats": {
    "added": 4,
    "prefix": "C:\\Users\\Jiftoo\\AppData\\Local\\pnpm\\store\\v3\\tmp\\dlx-7004"
  },
  "22 debug pnpm:progress": {
    "packageId": "registry.npmjs.org/balanced-match/1.0.2",
    "requester": "C:\\Users\\Jiftoo\\AppData\\Local\\pnpm\\store\\v3\\tmp\\dlx-7004",
    "status": "found_in_store"
  },
  "23 debug pnpm:link": {
    "target": "C:\\Users\\Jiftoo\\AppData\\Local\\pnpm\\store\\v3\\tmp\\dlx-7004\\node_modules\\.pnpm\\minimatch@5.1.0\\node_modules\\minimatch",
    "link": "C:\\Users\\Jiftoo\\AppData\\Local\\pnpm\\store\\v3\\tmp\\dlx-7004\\node_modules\\.pnpm\\run@1.4.0\\node_modules\\minimatch"
  },
  "24 debug pnpm:link": {
    "target": "C:\\Users\\Jiftoo\\AppData\\Local\\pnpm\\store\\v3\\tmp\\dlx-7004\\node_modules\\.pnpm\\brace-expansion@2.0.1\\node_modules\\brace-expansion",
    "link": "C:\\Users\\Jiftoo\\AppData\\Local\\pnpm\\store\\v3\\tmp\\dlx-7004\\node_modules\\.pnpm\\minimatch@5.1.0\\node_modules\\brace-expansion"
  },
  "25 debug pnpm:link": {
    "target": "C:\\Users\\Jiftoo\\AppData\\Local\\pnpm\\store\\v3\\tmp\\dlx-7004\\node_modules\\.pnpm\\balanced-match@1.0.2\\node_modules\\balanced-match",
    "link": "C:\\Users\\Jiftoo\\AppData\\Local\\pnpm\\store\\v3\\tmp\\dlx-7004\\node_modules\\.pnpm\\brace-expansion@2.0.1\\node_modules\\balanced-match"
  },
  "26 debug pnpm:package-import-method": {
    "method": "hardlink"
  },
  "27 debug pnpm:progress": {
    "method": "hardlink",
    "requester": "C:\\Users\\Jiftoo\\AppData\\Local\\pnpm\\store\\v3\\tmp\\dlx-7004",
    "status": "imported",
    "to": "C:\\Users\\Jiftoo\\AppData\\Local\\pnpm\\store\\v3\\tmp\\dlx-7004\\node_modules\\.pnpm\\run@1.4.0\\node_modules\\run"
  },
  "28 debug pnpm:package-import-method": {
    "method": "hardlink"
  },
  "29 debug pnpm:progress": {
    "method": "hardlink",
    "requester": "C:\\Users\\Jiftoo\\AppData\\Local\\pnpm\\store\\v3\\tmp\\dlx-7004",
    "status": "imported",
    "to": "C:\\Users\\Jiftoo\\AppData\\Local\\pnpm\\store\\v3\\tmp\\dlx-7004\\node_modules\\.pnpm\\brace-expansion@2.0.1\\node_modules\\brace-expansion"
  },
  "30 debug pnpm:package-import-method": {
    "method": "hardlink"
  },
  "31 debug pnpm:progress": {
    "method": "hardlink",
    "requester": "C:\\Users\\Jiftoo\\AppData\\Local\\pnpm\\store\\v3\\tmp\\dlx-7004",
    "status": "imported",
    "to": "C:\\Users\\Jiftoo\\AppData\\Local\\pnpm\\store\\v3\\tmp\\dlx-7004\\node_modules\\.pnpm\\minimatch@5.1.0\\node_modules\\minimatch"
  },
  "32 debug pnpm:package-import-method": {
    "method": "hardlink"
  },
  "33 debug pnpm:progress": {
    "method": "hardlink",
    "requester": "C:\\Users\\Jiftoo\\AppData\\Local\\pnpm\\store\\v3\\tmp\\dlx-7004",
    "status": "imported",
    "to": "C:\\Users\\Jiftoo\\AppData\\Local\\pnpm\\store\\v3\\tmp\\dlx-7004\\node_modules\\.pnpm\\balanced-match@1.0.2\\node_modules\\balanced-match"
  },
  "34 debug pnpm:stage": {
    "prefix": "C:\\Users\\Jiftoo\\AppData\\Local\\pnpm\\store\\v3\\tmp\\dlx-7004",
    "stage": "importing_done"
  },
  "35 debug pnpm:link": {
    "target": "C:\\Users\\Jiftoo\\AppData\\Local\\pnpm\\store\\v3\\tmp\\dlx-7004\\node_modules\\.pnpm\\run@1.4.0\\node_modules\\run",
    "link": "C:\\Users\\Jiftoo\\AppData\\Local\\pnpm\\store\\v3\\tmp\\dlx-7004\\node_modules\\run"
  },
  "36 debug pnpm:root": {
    "added": {
      "dependencyType": "prod",
      "id": "registry.npmjs.org/run/1.4.0",
      "name": "run",
      "realName": "run",
      "version": "1.4.0"
    },
    "prefix": "C:\\Users\\Jiftoo\\AppData\\Local\\pnpm\\store\\v3\\tmp\\dlx-7004"
  },
  "37 debug pnpm:link": {
    "target": "C:\\Users\\Jiftoo\\AppData\\Local\\pnpm\\store\\v3\\tmp\\dlx-7004\\node_modules\\.pnpm\\minimatch@5.1.0\\node_modules\\minimatch",
    "link": "C:\\Users\\Jiftoo\\AppData\\Local\\pnpm\\store\\v3\\tmp\\dlx-7004\\node_modules\\.pnpm\\node_modules\\minimatch"
  },
  "38 debug pnpm:link": {
    "target": "C:\\Users\\Jiftoo\\AppData\\Local\\pnpm\\store\\v3\\tmp\\dlx-7004\\node_modules\\.pnpm\\brace-expansion@2.0.1\\node_modules\\brace-expansion",
    "link": "C:\\Users\\Jiftoo\\AppData\\Local\\pnpm\\store\\v3\\tmp\\dlx-7004\\node_modules\\.pnpm\\node_modules\\brace-expansion"
  },
  "39 debug pnpm:link": {
    "target": "C:\\Users\\Jiftoo\\AppData\\Local\\pnpm\\store\\v3\\tmp\\dlx-7004\\node_modules\\.pnpm\\balanced-match@1.0.2\\node_modules\\balanced-match",
    "link": "C:\\Users\\Jiftoo\\AppData\\Local\\pnpm\\store\\v3\\tmp\\dlx-7004\\node_modules\\.pnpm\\node_modules\\balanced-match"
  },
  "40 debug pnpm:summary": {
    "prefix": "C:\\Users\\Jiftoo\\AppData\\Local\\pnpm\\store\\v3\\tmp\\dlx-7004"
  },
  "41 error pnpm": {
    "shortMessage": "Command failed with exit code 3221225786: C:\\Users\\Jiftoo\\AppData\\Local\\pnpm\\store\\v3\\tmp\\dlx-7004\\node_modules\\.bin\\runjs.CMD webpack",
    "command": "C:\\Users\\Jiftoo\\AppData\\Local\\pnpm\\store\\v3\\tmp\\dlx-7004\\node_modules\\.bin\\runjs.CMD webpack",
    "escapedCommand": "\"C:\\Users\\Jiftoo\\AppData\\Local\\pnpm\\store\\v3\\tmp\\dlx-7004\\node_modules\\.bin\\runjs.CMD\" webpack",
    "exitCode": 3221225786,
    "failed": true,
    "timedOut": false,
    "isCanceled": false,
    "killed": false,
    "err": {
      "name": "pnpm",
      "message": "Command failed with exit code 3221225786: C:\\Users\\Jiftoo\\AppData\\Local\\pnpm\\store\\v3\\tmp\\dlx-7004\\node_modules\\.bin\\runjs.CMD webpack",
      "stack": "pnpm: Command failed with exit code 3221225786: C:\\Users\\Jiftoo\\AppData\\Local\\pnpm\\store\\v3\\tmp\\dlx-7004\\node_modules\\.bin\\runjs.CMD webpack\n    at makeError (C:\\Users\\Jiftoo\\AppData\\Roaming\\npm\\node_modules\\pnpm\\dist\\pnpx.cjs:37044:17)\n    at handlePromise (C:\\Users\\Jiftoo\\AppData\\Roaming\\npm\\node_modules\\pnpm\\dist\\pnpx.cjs:37615:33)\n    at processTicksAndRejections (node:internal/process/task_queues:96:5)\n    at async Object.handler [as dlx] (C:\\Users\\Jiftoo\\AppData\\Roaming\\npm\\node_modules\\pnpm\\dist\\pnpx.cjs:177651:7)\n    at async C:\\Users\\Jiftoo\\AppData\\Roaming\\npm\\node_modules\\pnpm\\dist\\pnpx.cjs:186810:21\n    at async run (C:\\Users\\Jiftoo\\AppData\\Roaming\\npm\\node_modules\\pnpm\\dist\\pnpx.cjs:186784:34)\n    at async C:\\Users\\Jiftoo\\AppData\\Roaming\\npm\\node_modules\\pnpm\\dist\\pnpx.cjs:186856:5"
    }
  }
}